<?xml version="1.0" encoding="UTF-8"?>
<!-- Generated by org.testng.reporters.JUnitReportReporter -->
<testsuite skipped="0" hostname="DESKTOP-R4ROKKV" name="variousConcepts.LeartTestNG" tests="1" failures="0" timestamp="2021-05-11T15:20:41 EDT" time="13.270" errors="0">
  <testcase name="addCustomerTest" time="13.270" classname="variousConcepts.LeartTestNG"/>
  <system-out/>
</testsuite> <!-- variousConcepts.LeartTestNG -->
